[33m-------------------------------------------------------------------------------[0m
[32mCopyright©Tekium 2023. All rights reserved.[0m
[32mAuthor: Erick Roberto Rodriguez Rodriguez[0m
[32mEmail: erodriguez@tekium.mx, erickrr.tbd93@gmail.com[0m
[32mGitHub: https://github.com/erickrr-bd/Tekium-PAN-Hunter-Script[0m
[32mTekium PAN Hunter Script for Linux v1.1.2 - June 2023[0m
[33m-------------------------------------------------------------------------------[0m

Hostname: srv-develops-tekium

Path: /home/erodriguez/

[32m24 files found[0m


[32mPAN's found in: /home/erodriguez/.local/share/Trash/files/tekium_pan_hunter_08-06-2023.2.log[0m

 5540xxxxxxxxxxxxx MASTER CARD
 5020xxxxxxxxxxxxx MASTER CARD
 5020xxxxxxxxxxxxx MASTER CARD


[32mPAN's found in: /home/erodriguez/.local/share/Trash/files/tekium_pan_hunter_08-06-2023.3.log[0m

 5540xxxxxxxxxxxxx MASTER CARD
 5020xxxxxxxxxxxxx MASTER CARD
 5020xxxxxxxxxxxxx MASTER CARD
 5540xxxxxxxxxxxxx MASTER CARD
 5020xxxxxxxxxxxxx MASTER CARD


[32mPAN's found in: /home/erodriguez/Documentos/Projects/prueba.txt[0m

 5540xxxxxxxxxxxxx MASTER CARD
 5020xxxxxxxxxxxxx MASTER CARD
 5020xxxxxxxxxxxxx MASTER CARD
 4507xxxxxxxxxxxxx VISA
 4548xxxxxxxxxxxxx VISA



[32mPAN's found[0m
