[33m-------------------------------------------------------------------------------[0m
[32mCopyright©Tekium 2023. All rights reserved.[0m
[32mAuthor: Erick Roberto Rodriguez Rodriguez[0m
[32mEmail: erodriguez@tekium.mx, erickrr.tbd93@gmail.com[0m
[32mGitHub: https://github.com/erickrr-bd/Tekium-PAN-Hunter-Script[0m
[32mTekium PAN Hunter Script for Linux v1.1 - June 2023[0m
[33m-------------------------------------------------------------------------------[0m
Hostname: srv-develops-tekium

Path: /home/erodriguez/

[32m31 files found[0m


[32mPAN's found in: /home/erodriguez/.local/share/Trash/files/prueba_pans_01-06-2023.3.log[0m

29:1:371684187850138 2:371387630108381


[32mPAN's found in: /home/erodriguez/.local/share/Trash/files/tekium_pan_hunter_02-06-2023.2.log[0m

15:1:371684187850138 2:371387630108381
31:1:371684187850138 2:371387630108381
47:1:371684187850138 2:371387630108381
63:1:371684187850138 2:371387630108381
79:1:371684187850138 2:371387630108381
97:1:371684187850138 2:371387630108381
115:1:371684187850138
116:2:371387630108381


[32mPAN's found in: /home/erodriguez/.local/share/Trash/files/Prueba/prueba_pans_01-06-2023.log[0m

15:1:371684187850138 2:371387630108381
30:1:371684187850138 2:371387630108381
45:1:371684187850138 2:371387630108381
61:1:371684187850138 2:371387630108381
77:1:371684187850138 2:371387630108381
93:1:371684187850138 2:371387630108381
109:1:371684187850138 2:371387630108381


[32mPAN's found in: /home/erodriguez/.local/share/Trash/files/tekium_pan_hunter_02-06-2023.3.log[0m

17:1:371684187850138
18:2:371387630108381
36:1:371684187850138
37:2:371387630108381
57:1:371684187850138
58:2:371387630108381


[32mPAN's found in: /home/erodriguez/.local/share/Trash/files/tekium_pan_hunter_02-06-2023.4.log[0m

17:1:371684187850138
18:2:371387630108381


[32mPAN's found in: /home/erodriguez/.local/share/Trash/files/tekium_pan_hunter_02-06-2023.5.log[0m

73:1:371684187850138
74:2:371387630108381
94:1:371684187850138
95:2:371387630108381
115:1:371684187850138
116:2:371387630108381
151:29:1:371684187850138 2:371387630108381
156:15:1:371684187850138 2:371387630108381
157:31:1:371684187850138 2:371387630108381
158:47:1:371684187850138 2:371387630108381
159:63:1:371684187850138 2:371387630108381
160:79:1:371684187850138 2:371387630108381
161:97:1:371684187850138 2:371387630108381
162:115:1:371684187850138
163:116:2:371387630108381
168:15:1:371684187850138 2:371387630108381
169:30:1:371684187850138 2:371387630108381
170:45:1:371684187850138 2:371387630108381
171:61:1:371684187850138 2:371387630108381
172:77:1:371684187850138 2:371387630108381
173:93:1:371684187850138 2:371387630108381
174:109:1:371684187850138 2:371387630108381
179:17:1:371684187850138
180:18:2:371387630108381
181:36:1:371684187850138
182:37:2:371387630108381
183:57:1:371684187850138
184:58:2:371387630108381
189:17:1:371684187850138
190:18:2:371387630108381
195:1:371684187850138
196:2:371387630108381
201:73:1:371684187850138
202:74:2:371387630108381
203:94:1:371684187850138
204:95:2:371387630108381
205:115:1:371684187850138
206:116:2:371387630108381
207:151:29:1:371684187850138 2:371387630108381
208:156:15:1:371684187850138 2:371387630108381
209:157:31:1:371684187850138 2:371387630108381
210:158:47:1:371684187850138 2:371387630108381
211:159:63:1:371684187850138 2:371387630108381
212:160:79:1:371684187850138 2:371387630108381
213:161:97:1:371684187850138 2:371387630108381
214:162:115:1:371684187850138
215:163:116:2:371387630108381
216:168:15:1:371684187850138 2:371387630108381
217:169:30:1:371684187850138 2:371387630108381
218:170:45:1:371684187850138 2:371387630108381
219:171:61:1:371684187850138 2:371387630108381
220:172:77:1:371684187850138 2:371387630108381
221:173:93:1:371684187850138 2:371387630108381
222:174:109:1:371684187850138 2:371387630108381
223:179:17:1:371684187850138
224:180:18:2:371387630108381
225:181:36:1:371684187850138
226:182:37:2:371387630108381
227:183:57:1:371684187850138
228:184:58:2:371387630108381
229:189:17:1:371684187850138
230:190:18:2:371387630108381
231:195:1:371684187850138
232:196:2:371387630108381
237:1:4513 2568 5876 0869
238:2:5191 7323 4397 5393


[32mPAN's found in: /home/erodriguez/Documentos/Projects/tarejtas_prueba.txt[0m

1:371684187850138
2:371387630108381


[32mPAN's found in: /home/erodriguez/Documentos/Projects/Tekium-PAN-Hunter-Script/tekium_pan_hunter_02-06-2023.log[0m

17:29:1:371684187850138 2:371387630108381
22:15:1:371684187850138 2:371387630108381
23:31:1:371684187850138 2:371387630108381
24:47:1:371684187850138 2:371387630108381
25:63:1:371684187850138 2:371387630108381
26:79:1:371684187850138 2:371387630108381
27:97:1:371684187850138 2:371387630108381
28:115:1:371684187850138
29:116:2:371387630108381
34:15:1:371684187850138 2:371387630108381
35:30:1:371684187850138 2:371387630108381
36:45:1:371684187850138 2:371387630108381
37:61:1:371684187850138 2:371387630108381
38:77:1:371684187850138 2:371387630108381
39:93:1:371684187850138 2:371387630108381
40:109:1:371684187850138 2:371387630108381
45:17:1:371684187850138
46:18:2:371387630108381
47:36:1:371684187850138
48:37:2:371387630108381
49:57:1:371684187850138
50:58:2:371387630108381
55:17:1:371684187850138
56:18:2:371387630108381
61:73:1:371684187850138
62:74:2:371387630108381
63:94:1:371684187850138
64:95:2:371387630108381
65:115:1:371684187850138
66:116:2:371387630108381
67:151:29:1:371684187850138 2:371387630108381
68:156:15:1:371684187850138 2:371387630108381
69:157:31:1:371684187850138 2:371387630108381
70:158:47:1:371684187850138 2:371387630108381
71:159:63:1:371684187850138 2:371387630108381
72:160:79:1:371684187850138 2:371387630108381
73:161:97:1:371684187850138 2:371387630108381
74:162:115:1:371684187850138
75:163:116:2:371387630108381
76:168:15:1:371684187850138 2:371387630108381
77:169:30:1:371684187850138 2:371387630108381
78:170:45:1:371684187850138 2:371387630108381
79:171:61:1:371684187850138 2:371387630108381
80:172:77:1:371684187850138 2:371387630108381
81:173:93:1:371684187850138 2:371387630108381
82:174:109:1:371684187850138 2:371387630108381
83:179:17:1:371684187850138
84:180:18:2:371387630108381
85:181:36:1:371684187850138
86:182:37:2:371387630108381
87:183:57:1:371684187850138
88:184:58:2:371387630108381
89:189:17:1:371684187850138
90:190:18:2:371387630108381
91:195:1:371684187850138
92:196:2:371387630108381
93:201:73:1:371684187850138
94:202:74:2:371387630108381
95:203:94:1:371684187850138
96:204:95:2:371387630108381
97:205:115:1:371684187850138
98:206:116:2:371387630108381
99:207:151:29:1:371684187850138 2:371387630108381
100:208:156:15:1:371684187850138 2:371387630108381
101:209:157:31:1:371684187850138 2:371387630108381
102:210:158:47:1:371684187850138 2:371387630108381
103:211:159:63:1:371684187850138 2:371387630108381
104:212:160:79:1:371684187850138 2:371387630108381
105:213:161:97:1:371684187850138 2:371387630108381
106:214:162:115:1:371684187850138
107:215:163:116:2:371387630108381
108:216:168:15:1:371684187850138 2:371387630108381
109:217:169:30:1:371684187850138 2:371387630108381
110:218:170:45:1:371684187850138 2:371387630108381
111:219:171:61:1:371684187850138 2:371387630108381
112:220:172:77:1:371684187850138 2:371387630108381
113:221:173:93:1:371684187850138 2:371387630108381
114:222:174:109:1:371684187850138 2:371387630108381
115:223:179:17:1:371684187850138
116:224:180:18:2:371387630108381
117:225:181:36:1:371684187850138
118:226:182:37:2:371387630108381
119:227:183:57:1:371684187850138
120:228:184:58:2:371387630108381
121:229:189:17:1:371684187850138
122:230:190:18:2:371387630108381
123:231:195:1:371684187850138
124:232:196:2:371387630108381
125:237:1:4513 2568 5876 0869
126:238:2:5191 7323 4397 5393
131:1:371684187850138
132:2:371387630108381


[32mPAN's found in: /home/erodriguez/Documentos/Projects/tarjetas_prueba_2.txt[0m

8:        5540500001000004 Caducidad: AAAA12 (Diciembre del año en curso) CVV2: 989
9:        5020470001370055 Caducidad: AAAA12 (Diciembre del año en curso) CVV2: 989
10:        5020080001000006 Caducidad: AAAA12 (Diciembre del año en curso) CVV2: 989
11:        4507670001000009 Caducidad: AAAA12 (Diciembre del año en curso) CVV2: 989
14:        Nº Tarjeta: 4548812049400004 Fecha cad.: 12/20 cvv:285 y CIP:123456
15:        Nº Tarjeta: 4548032003933011 Fecha cad.: 12/20 cvv: 123
18:        Nº Tarjeta: 4599830100494019 Fecha cad.: 12/20
19:        Nº Tarjeta: 4599830100592012 Fecha cad.: 12/20
23:        Nº Tarjeta: 4940190000370787 Da como resultado: Aceptado
24:        Nº Tarjeta: 5888141908888884 Da como resultado: No Procesado
25:        Nº Tarjeta: 4548812908888885 Da como resultado: Denegado
28:        número : 4940494049404940, fecha de caducidad: 01/2016, cvv2=123 -> Operación autorizada.
29:        número : 4921229706097709, fecha de caducidad: 01/2016, cvv2=123 -> Operación denegada


[32mPAN's found[0m
